1713047078296 | /favicon.ico | GET
1713047312386 | /user/login | GET
1713047313910 | /user/login | GET
1713047314519 | /user/login | GET
1713047314938 | /user/login | GET
<<<<<<< HEAD
2024-04-14T00:03:22.127Z | /api/login | GET | Execution Time: 0ms
2024-04-14T00:03:32.879Z | /api/login | GET | Execution Time: 0ms
2024-04-14T00:04:55.668Z | /api/login | GET | Execution Time: 9ms
2024-04-14T00:05:31.237Z | /api/login | GET | Execution Time: 5ms
2024-04-14T00:05:44.651Z | /api/login2 | GET | Execution Time: 1ms
2024-04-14T00:05:58.123Z | /api/login | GET | Execution Time: 1ms
=======
1713050046592 | /style.css | GET
1713050047120 | /style.css | GET
1713050066805 | /style.css | GET
1713050068103 | /style.css | GET
1713050068804 | /style.css | GET
1713050069185 | /style.css | GET
1713050069508 | /style.css | GET
1713050070296 | /style.css | GET
1713050244904 | /public/css/style.css | GET
1713050247481 | /public/css/style.css | GET
1713050262458 | /css/style.css | GET
1713050263089 | /css/style.css | GET
1713050645915 | /css/style.css | GET
>>>>>>> 53f084b99ec9a4eeadd20f3ffbf6b7dfbd7bdd1c
2024-04-14T00:21:46.540Z | / | GET | Execution Time: 6ms
2024-04-14T00:21:52.605Z | / | GET | Execution Time: 1ms
2024-04-14T00:21:59.383Z | / | GET | Execution Time: 0ms
2024-04-14T00:22:02.209Z | / | GET | Execution Time: 1ms
2024-04-14T00:22:02.723Z | / | GET | Execution Time: 1ms
2024-04-14T00:22:03.625Z | / | GET | Execution Time: 0ms
2024-04-14T00:22:06.399Z | / | GET | Execution Time: 0ms
2024-04-14T00:22:06.843Z | / | GET | Execution Time: 0ms
2024-04-14T00:24:31.638Z | / | GET | Execution Time: 1ms
2024-04-14T00:26:45.213Z | / | GET | Execution Time: 6ms
2024-04-14T00:27:32.586Z | / | GET | Execution Time: 1ms
2024-04-20T15:39:26.608Z | / | GET | Execution Time: 6ms
2024-04-20T15:40:06.732Z | / | GET | Execution Time: 6ms
2024-04-20T15:43:44.193Z | / | GET | Execution Time: 6ms
2024-04-20T15:43:44.899Z | / | GET | Execution Time: 1ms
2024-04-20T15:46:49.274Z | / | GET | Execution Time: 15ms
2024-04-20T15:46:49.469Z | /css/style.css | GET | Execution Time: 4ms
2024-04-20T15:46:50.261Z | /favicon.ico | GET | Execution Time: 2ms
2024-04-20T15:46:53.545Z | / | GET | Execution Time: 2ms
2024-04-20T15:46:53.727Z | /css/style.css | GET | Execution Time: 1ms
2024-04-20T15:46:54.515Z | / | GET | Execution Time: 3ms
2024-04-20T15:46:54.701Z | /css/style.css | GET | Execution Time: 1ms
2024-04-20T15:46:55.426Z | / | GET | Execution Time: 2ms
2024-04-20T15:46:55.609Z | /css/style.css | GET | Execution Time: 1ms
2024-04-20T15:47:02.500Z | / | GET | Execution Time: 2ms
2024-04-20T15:47:02.664Z | /css/style.css | GET | Execution Time: 1ms
2024-04-20T15:52:55.007Z | / | GET | Execution Time: 5ms
2024-04-20T15:52:55.574Z | / | GET | Execution Time: 1ms
2024-04-20T15:52:55.792Z | / | GET | Execution Time: 0ms
2024-04-20T15:52:56.011Z | / | GET | Execution Time: 1ms
2024-04-20T16:02:26.662Z | / | GET | Execution Time: 6ms
2024-04-20T16:02:27.216Z | / | GET | Execution Time: 1ms
2024-04-20T16:02:38.733Z | / | GET | Execution Time: 14ms
2024-04-20T16:02:38.918Z | /css/style.css | GET | Execution Time: 2ms
2024-04-20T16:18:16.466Z | / | GET | Execution Time: 17ms
2024-04-20T16:19:31.581Z | / | GET | Execution Time: 29ms
2024-04-20T16:19:31.781Z | /css/style.css | GET | Execution Time: 1ms
2024-04-20T16:20:30.869Z | / | GET | Execution Time: 16ms
2024-04-20T16:20:31.058Z | /css/style.css | GET | Execution Time: 2ms
2024-04-20T16:25:20.524Z | /Shop | GET | Execution Time: 3ms
2024-04-20T16:25:32.861Z | /Shop | GET | Execution Time: 2ms
2024-04-20T16:25:56.237Z | /Shop | GET | Execution Time: 2ms
2024-04-20T16:26:01.105Z | /Shop | GET | Execution Time: 14ms
2024-04-20T16:26:03.340Z | /Shop | GET | Execution Time: 2ms
2024-04-20T16:26:05.132Z | / | GET | Execution Time: 4ms
2024-04-20T16:26:05.327Z | /css/style.css | GET | Execution Time: 1ms
2024-04-20T16:26:08.291Z | /Shop | GET | Execution Time: 2ms
2024-04-20T16:26:18.795Z | /shop | GET | Execution Time: 3ms
